<?xml version="1.0" encoding="UTF-8"?>
<!-- Generated by org.testng.reporters.JUnitXMLReporter -->
<testsuite hostname="DESKTOP-IEF1Q30" name="testcase" tests="7" failures="0" timestamp="18 Jun 2019 10:47:47 GMT" time="31.187" errors="0">
  <testcase name="mybtnclick" time="1.606" classname="Testcase.TestHome"/>
  <testcase name="loginbtn" time="3.376" classname="Testcase.TestHome"/>
  <testcase name="wechatloginbtn" time="1.978" classname="Testcase.TestHome"/>
  <testcase name="ylogin" time="0.803" classname="Testcase.TestHome"/>
  <testcase name="choujiangclick" time="0.839" classname="Testcase.TestHome"/>
  <testcase name="weizhongjiang" time="0.66" classname="Testcase.TestHome"/>
  <testcase name="NozGoodsName" time="3.421" classname="Testcase.TestHome"/>
</testsuite> <!-- testcase -->
